<?xml version="1.0" encoding="UTF-8"?>
<!-- Generated by org.testng.reporters.JUnitXMLReporter -->
<testsuite hostname="ATMECSINLT-084" ignored="0" name="Default test(failed)" tests="2" failures="1" timestamp="16 Oct 2019 10:44:59 GMT" time="152.338" errors="0">
  <testcase name="homepage_Search" time="6.941" classname="com.atmecs.Konakart.testscripts.konakartHome"/>
  <testcase name="Hero_validation" time="133.257" classname="com.atmecs.Konakart.testscripts.konakartHero">
    <failure type="java.lang.AssertionError" message="expected [true] but found [false]">
      <![CDATA[java.lang.AssertionError: expected [true] but found [false]
at com.atmecs.Konakart.testscripts.konakartHero.Hero_validation(konakartHero.java:84)
... Removed 31 stack frames]]>
    </failure>
  </testcase> <!-- Hero_validation -->
</testsuite> <!-- Default test(failed) -->
