<?xml version="1.0" encoding="UTF-8"?>
<testng-results skipped="0" failed="1" ignored="0" total="2" passed="1">
  <reporter-output>
  </reporter-output>
  <suite name="Default suite" duration-ms="26470" started-at="2019-10-15T09:55:20Z" finished-at="2019-10-15T09:55:46Z">
    <groups>
    </groups>
    <test name="Default test" duration-ms="26470" started-at="2019-10-15T09:55:20Z" finished-at="2019-10-15T09:55:46Z">
      <class name="com.atmecs.Konakart.testscripts.konakartHero">
        <test-method status="PASS" signature="browserSelect()[pri:0, instance:com.atmecs.Konakart.testscripts.konakartHero@28975c28]" name="browserSelect" is-config="true" duration-ms="6960" started-at="2019-10-15T09:55:13Z" finished-at="2019-10-15T09:55:20Z">
          <reporter-output>
          </reporter-output>
        </test-method> <!-- browserSelect -->
        <test-method status="PASS" signature="open_url()[pri:0, instance:com.atmecs.Konakart.testscripts.konakartHero@28975c28]" name="open_url" is-config="true" duration-ms="10719" started-at="2019-10-15T09:55:20Z" finished-at="2019-10-15T09:55:30Z">
          <reporter-output>
          </reporter-output>
        </test-method> <!-- open_url -->
        <test-method status="PASS" signature="homepage_Search()[pri:0, instance:com.atmecs.Konakart.testscripts.konakartHero@28975c28]" name="homepage_Search" duration-ms="6258" started-at="2019-10-15T09:55:30Z" finished-at="2019-10-15T09:55:37Z">
          <reporter-output>
          </reporter-output>
        </test-method> <!-- homepage_Search -->
        <test-method status="PASS" signature="open_url()[pri:0, instance:com.atmecs.Konakart.testscripts.konakartHero@28975c28]" name="open_url" is-config="true" duration-ms="2464" started-at="2019-10-15T09:55:37Z" finished-at="2019-10-15T09:55:39Z">
          <reporter-output>
          </reporter-output>
        </test-method> <!-- open_url -->
        <test-method status="FAIL" signature="Hero_validation()[pri:1, instance:com.atmecs.Konakart.testscripts.konakartHero@28975c28]" name="Hero_validation" duration-ms="7001" started-at="2019-10-15T09:55:39Z" finished-at="2019-10-15T09:55:46Z">
          <exception class="java.lang.AssertionError">
            <message>
              <![CDATA[Assert not equals expected [Thursday 7 July 2016 ] but found [Thursday 7 July 2016]]]>
            </message>
            <full-stacktrace>
              <![CDATA[java.lang.AssertionError: Assert not equals expected [Thursday 7 July 2016 ] but found [Thursday 7 July 2016]
at org.testng.Assert.fail(Assert.java:96)
at org.testng.Assert.failNotEquals(Assert.java:776)
at org.testng.Assert.assertEqualsImpl(Assert.java:137)
at org.testng.Assert.assertEquals(Assert.java:118)
at org.testng.Assert.assertEquals(Assert.java:453)
at com.atmecs.Konakart.utils.verificationManager.assertequals(verificationManager.java:54)
at com.atmecs.Konakart.scriptbase.konakartPage.datevalidation(konakartPage.java:59)
at com.atmecs.Konakart.testscripts.konakartHero.Hero_validation(konakartHero.java:53)
at sun.reflect.NativeMethodAccessorImpl.invoke0(Native Method)
at sun.reflect.NativeMethodAccessorImpl.invoke(Unknown Source)
at sun.reflect.DelegatingMethodAccessorImpl.invoke(Unknown Source)
at java.lang.reflect.Method.invoke(Unknown Source)
at org.testng.internal.MethodInvocationHelper.invokeMethod(MethodInvocationHelper.java:124)
at org.testng.internal.Invoker.invokeMethod(Invoker.java:583)
at org.testng.internal.Invoker.invokeTestMethod(Invoker.java:719)
at org.testng.internal.Invoker.invokeTestMethods(Invoker.java:989)
at org.testng.internal.TestMethodWorker.invokeTestMethods(TestMethodWorker.java:125)
at org.testng.internal.TestMethodWorker.run(TestMethodWorker.java:109)
at org.testng.TestRunner.privateRun(TestRunner.java:648)
at org.testng.TestRunner.run(TestRunner.java:505)
at org.testng.SuiteRunner.runTest(SuiteRunner.java:455)
at org.testng.SuiteRunner.runSequentially(SuiteRunner.java:450)
at org.testng.SuiteRunner.privateRun(SuiteRunner.java:415)
at org.testng.SuiteRunner.run(SuiteRunner.java:364)
at org.testng.SuiteRunnerWorker.runSuite(SuiteRunnerWorker.java:52)
at org.testng.SuiteRunnerWorker.run(SuiteRunnerWorker.java:84)
at org.testng.TestNG.runSuitesSequentially(TestNG.java:1208)
at org.testng.TestNG.runSuitesLocally(TestNG.java:1137)
at org.testng.TestNG.runSuites(TestNG.java:1049)
at org.testng.TestNG.run(TestNG.java:1017)
at org.testng.remote.AbstractRemoteTestNG.run(AbstractRemoteTestNG.java:115)
at org.testng.remote.RemoteTestNG.initAndRun(RemoteTestNG.java:251)
at org.testng.remote.RemoteTestNG.main(RemoteTestNG.java:77)
]]>
            </full-stacktrace>
          </exception> <!-- java.lang.AssertionError -->
          <reporter-output>
          </reporter-output>
        </test-method> <!-- Hero_validation -->
      </class> <!-- com.atmecs.Konakart.testscripts.konakartHero -->
    </test> <!-- Default test -->
  </suite> <!-- Default suite -->
</testng-results>
